********************Printing Quads**********************
--------------------------------------------------------
*********************Quads******************************
0 : function printi start
1 : function printi end
2 : function prints start
3 : function prints end
4 : function readi start
5 : function readi end
6 : function gcd start
7 : t0 = 0
8 : if n !=t0 goto 11
9 : goto 19
10 : goto 21
11 : m%n
12 : a = t2
13 : param n
14 : param a
15 : call gcd 2
16 : b = gcd
17 : return b
18 : goto 21
19 : return m
20 : goto 21
21 : function gcd end
22 : function main start
23 : param .LC0
24 : call prints 1
25 : param .LC1
26 : call prints 1
27 : t3= &p
28 : param t3
29 : call readi 1
30 : a = readi
31 : param .LC2
32 : call prints 1
33 : t4= &p
34 : param t4
35 : call readi 1
36 : b = readi
37 : param .LC3
38 : call prints 1
39 : param a
40 : call printi 1
41 : param .LC4
42 : call prints 1
43 : param b
44 : call printi 1
45 : param .LC5
46 : call prints 1
47 : param a
48 : param b
49 : call gcd 2
50 : c = gcd
51 : param c
52 : call printi 1
53 : param .LC6
54 : call prints 1
55 : t5 = 0
56 : return t5
57 : function main end

----------------SYMBOL TABLE (ST.gbl)-----------------------
Name	Type	Size	Offset	InitVal
---------------------------------------
printi	function	1		4	0	NULL
prints	function	1		4	4	NULL
readi	function	1		4	8	NULL
gcd	function	2		0	12	NULL
main	function	0		0	12	NULL
----------------------------------------------------
----------------SYMBOL TABLE of printi----------------
Name	Type	Size	Offset	InitVal
---------------------------------------
num	int		4	0	NULL
retVal	int		4	4	NULL
--------------------------------------------
----------------SYMBOL TABLE of prints----------------
Name	Type	Size	Offset	InitVal
---------------------------------------
c	char		1	0	NULL
retVal	int		4	1	NULL
--------------------------------------------
----------------SYMBOL TABLE of readi----------------
Name	Type	Size	Offset	InitVal
---------------------------------------
eP	int		4	0	NULL
retVal	int		4	4	NULL
--------------------------------------------
----------------SYMBOL TABLE of gcd----------------
Name	Type	Size	Offset	InitVal
---------------------------------------
m	int		4	0	NULL
n	int		4	4	NULL
t0	int		4	8	0
t1		0	12	NULL
a	int		4	12	NULL
b	int		4	16	NULL
t2	int		4	20	NULL
gcd	int		4	24	NULL
retVal	int		4	28	NULL
--------------------------------------------
----------------SYMBOL TABLE of main----------------
Name	Type	Size	Offset	InitVal
---------------------------------------
a	int		4	0	NULL
b	int		4	4	NULL
c	int		4	8	NULL
p	int		4	12	NULL
prints	int		4	16	NULL
.LC0	int		4	20	NULL
.LC1	int		4	24	NULL
readi	int		4	28	NULL
t3	int		8	32	NULL
.LC2	int		4	40	NULL
t4	int		8	44	NULL
.LC3	int		4	52	NULL
printi	int		4	56	NULL
.LC4	int		4	60	NULL
.LC5	int		4	64	NULL
gcd	int		4	68	NULL
.LC6	int		4	72	NULL
t5	int		4	76	0
retVal	int		4	80	NULL
--------------------------------------------
----------------Compilation Result------------------
*****************************************************
